<?xml version="1.0" encoding="UTF-8"?>
<!-- Generated by org.testng.reporters.JUnitXMLReporter -->
<testsuite ignored="4" hostname="DESKTOP-PR8CQ1D" failures="0" tests="2" name="Test" time="0.067" errors="0" timestamp="2024-04-20T16:57:39 IST">
  <testcase classname="Test1pkg.Day2" name="Demo1" time="0.01"/>
  <testcase classname="Test1pkg.Day2" name="Demo2" time="0.003"/>
  <testcase classname="Test1pkg.Day3" name="Demo3" time="0.0">
    <ignored/>
  </testcase> <!-- Demo3 -->
  <testcase classname="Test1pkg.Day2" name="Car" time="0.0">
    <ignored/>
  </testcase> <!-- Car -->
  <testcase classname="Test1pkg.Day2" name="Bus" time="0.0">
    <ignored/>
  </testcase> <!-- Bus -->
  <testcase classname="Test1pkg.Day1" name="Loans" time="0.0">
    <ignored/>
  </testcase> <!-- Loans -->
</testsuite> <!-- Test -->
