<?xml version="1.0" encoding="UTF-8"?>
<testng-results ignored="0" total="1" passed="1" failed="0" skipped="0">
  <reporter-output>
  </reporter-output>
  <suite started-at="2024-04-21T09:03:57 IST" name="Default suite" finished-at="2024-04-21T09:03:57 IST" duration-ms="74">
    <groups>
    </groups>
    <test started-at="2024-04-21T09:03:57 IST" name="Default test" finished-at="2024-04-21T09:03:57 IST" duration-ms="74">
      <class name="Test1pkg.Day1">
        <test-method signature="Loans()[pri:0, instance:Test1pkg.Day1@63a12c68]" started-at="2024-04-21T09:03:57 IST" name="Loans" finished-at="2024-04-21T09:03:57 IST" duration-ms="10" status="PASS">
          <reporter-output>
          </reporter-output>
        </test-method> <!-- Loans -->
        <test-method is-config="true" signature="Asuite()[pri:0, instance:Test1pkg.Day1@63a12c68]" started-at="2024-04-21T09:03:57 IST" name="Asuite" finished-at="2024-04-21T09:03:57 IST" duration-ms="1" status="PASS">
          <reporter-output>
          </reporter-output>
        </test-method> <!-- Asuite -->
      </class> <!-- Test1pkg.Day1 -->
    </test> <!-- Default test -->
  </suite> <!-- Default suite -->
</testng-results>
