<?xml version="1.0" encoding="UTF-8"?>
<testng-results ignored="4" total="6" passed="2" failed="0" skipped="0">
  <reporter-output>
  </reporter-output>
  <suite started-at="2024-04-20T16:57:39 IST" name="Suite" finished-at="2024-04-20T16:57:39 IST" duration-ms="67">
    <groups>
      <group name="smoke">
        <method signature="Day2.Demo1()[pri:0, instance:Test1pkg.Day2@101952da]" name="Demo1" class="Test1pkg.Day2"/>
        <method signature="Day2.Demo2()[pri:0, instance:Test1pkg.Day2@101952da]" name="Demo2" class="Test1pkg.Day2"/>
      </group> <!-- smoke -->
    </groups>
    <test started-at="2024-04-20T16:57:39 IST" name="Test" finished-at="2024-04-20T16:57:39 IST" duration-ms="67">
      <class name="Test1pkg.Day2">
        <test-method signature="Demo1()[pri:0, instance:Test1pkg.Day2@101952da]" started-at="2024-04-20T16:57:39 IST" name="Demo1" finished-at="2024-04-20T16:57:39 IST" duration-ms="10" status="PASS">
          <reporter-output>
          </reporter-output>
        </test-method> <!-- Demo1 -->
        <test-method signature="Demo2()[pri:0, instance:Test1pkg.Day2@101952da]" started-at="2024-04-20T16:57:39 IST" name="Demo2" finished-at="2024-04-20T16:57:39 IST" duration-ms="3" status="PASS">
          <reporter-output>
          </reporter-output>
        </test-method> <!-- Demo2 -->
      </class> <!-- Test1pkg.Day2 -->
    </test> <!-- Test -->
  </suite> <!-- Suite -->
</testng-results>
